Removed Pin From Net: NetName=PWR_IN+ Pin=C6-1
Removed Pin From Net: NetName=GND Pin=C6-2
Removed Pin From Net: NetName=GND Pin=C7-1
Removed Pin From Net: NetName=PWR_IN+ Pin=C7-2
Removed Pin From Net: NetName=PWR_OUT_+9V Pin=C8-1
Removed Pin From Net: NetName=GND Pin=C8-2
Removed Pin From Net: NetName=GND Pin=C9-1
Removed Pin From Net: NetName=PWR_OUT_+9V Pin=C9-2
Removed Pin From Net: NetName=GND Pin=C10-1
Removed Pin From Net: NetName=PWR_OUT_+9V Pin=C10-2
Removed Pin From Net: NetName=GND Pin=D2-2
Removed Pin From Net: NetName=PWR_OUT_+9V Pin=L2-2
Removed Pin From Net: NetName=PWR_OUT_+9V Pin=R3-2
Removed Pin From Net: NetName=GND Pin=R4-1
Removed Pin From Net: NetName=PWR_IN+ Pin=U2-1
Removed Pin From Net: NetName=GND Pin=U2-3
Removed Pin From Net: NetName=GND Pin=U2-5
Removed Pin From Net: NetName=GND Pin=U2-6
Removed Member From Class: ClassName=PAGE2 - POWER Member=C6
Removed Member From Class: ClassName=PAGE2 - POWER Member=C7
Removed Member From Class: ClassName=PAGE2 - POWER Member=C8
Removed Member From Class: ClassName=PAGE2 - POWER Member=C9
Removed Member From Class: ClassName=PAGE2 - POWER Member=C10
Removed Member From Class: ClassName=PAGE2 - POWER Member=D2
Removed Member From Class: ClassName=PAGE2 - POWER Member=L2
Removed Member From Class: ClassName=PAGE2 - POWER Member=R3
Removed Member From Class: ClassName=PAGE2 - POWER Member=R4
Removed Member From Class: ClassName=PAGE2 - POWER Member=U2
Added Component: Designator=C?(CAP0603)
Added Component: Designator=C?(CAP1206)
Added Component: Designator=C?(CAP0603)
Added Component: Designator=C?(CAP0603)
Added Component: Designator=C?(CAP0603)
Added Component: Designator=D?(POWERMITE)
Added Component: Designator=D?(SOD123)
Added Component: Designator=L?(INDP6545X29N)
Added Component: Designator=R?(RES0603)
Added Component: Designator=R?(RES0603)
Added Component: Designator=R?(RES0603)
Added Component: Designator=R?(RES0603)
Added Component: Designator=U?(MSOP8E)
Added Pin To Net: NetName=GND Pin=C?-1
Added Pin To Net: NetName=GND Pin=C?-1
Added Pin To Net: NetName=GND Pin=C?-1
Added Pin To Net: NetName=PWR_IN+ Pin=C?-2
Added Pin To Net: NetName=PWR_OUT_+9V Pin=C?-2
Added Pin To Net: NetName=PWR_OUT_+9V Pin=C?-2
Added Pin To Net: NetName=GND Pin=D?-2
Added Pin To Net: NetName=PWR_OUT_+9V Pin=D?-2
Added Pin To Net: NetName=PWR_OUT_+9V Pin=L?-2
Added Pin To Net: NetName=GND Pin=R?-1
Added Pin To Net: NetName=GND Pin=R?-1
Added Pin To Net: NetName=PWR_OUT_+9V Pin=R?-2
Added Pin To Net: NetName=PWR_IN+ Pin=U?-3
Added Pin To Net: NetName=PWR_IN+ Pin=U?-4
Added Pin To Net: NetName=GND Pin=U?-5
Added Pin To Net: NetName=GND Pin=U?-9
Added Pin To Net: NetName=NetC?_1 Pin=C?-1
Added Pin To Net: NetName=NetC?_1 Pin=D?-1
Added Pin To Net: NetName=NetC?_1 Pin=L?-1
Added Pin To Net: NetName=NetC?_1 Pin=U?-2
Added Net: Name=NetC?_1
Added Pin To Net: NetName=NetC?_2 Pin=C?-2
Added Pin To Net: NetName=NetC?_2 Pin=D?-1
Added Pin To Net: NetName=NetC?_2 Pin=U?-1
Added Net: Name=NetC?_2
Added Pin To Net: NetName=NetR?_2 Pin=R?-2
Added Pin To Net: NetName=NetR?_2 Pin=U?-8
Added Net: Name=NetR?_2
Added Member To Class: ClassName=PAGE2 - POWER Member=Component C? 22pF
Added Member To Class: ClassName=PAGE2 - POWER Member=Component C? 10uF /50V
Added Member To Class: ClassName=PAGE2 - POWER Member=Component C? 100nF
Added Member To Class: ClassName=PAGE2 - POWER Member=Component C? 68pF
Added Member To Class: ClassName=PAGE2 - POWER Member=Component C? 1uF
Added Member To Class: ClassName=PAGE2 - POWER Member=Component D? MBRM140T1G
Added Member To Class: ClassName=PAGE2 - POWER Member=Component D? 1N4148W-7-F.
Added Member To Class: ClassName=PAGE2 - POWER Member=Component L? 10 µH
Added Member To Class: ClassName=PAGE2 - POWER Member=Component R? 10k
Added Member To Class: ClassName=PAGE2 - POWER Member=Component R? 105k
Added Member To Class: ClassName=PAGE2 - POWER Member=Component R? 69.8k
Added Member To Class: ClassName=PAGE2 - POWER Member=Component R? 75k
Added Member To Class: ClassName=PAGE2 - POWER Member=Component U? LT3505EMS8E#PBF
