Added Component: Designator=C1(Cap Can F)
Added Component: Designator=C2(CAP0603)
Added Component: Designator=C3(Cap Can F)
Added Component: Designator=C4(CAP0603)
Added Component: Designator=C5(CAP0603)
Added Component: Designator=C6(Cap Can F)
Added Component: Designator=C7(CAP0603)
Added Component: Designator=C8(Cap Can F)
Added Component: Designator=C9(CAP0603)
Added Component: Designator=C10(CAP0603)
Added Component: Designator=D1(SMC/DO-214AB)
Added Component: Designator=D2(SMC/DO-214AB)
Added Component: Designator=L1(IND DR125 Series)
Added Component: Designator=L2(IND DR125 Series)
Added Component: Designator=P1(PCBComponent_1)
Added Component: Designator=P2(PCBComponent_1)
Added Component: Designator=P3(PCBComponent_1)
Added Component: Designator=P4(PCBComponent_1)
Added Component: Designator=P5(PCBComponent_1)
Added Component: Designator=P6(PCBComponent_1)
Added Component: Designator=R1(RES0603)
Added Component: Designator=R2(RES0603)
Added Component: Designator=R3(RES0603)
Added Component: Designator=R4(RES0603)
Added Pin To Net: NetName=GND Pin=C1-2
Added Pin To Net: NetName=GND Pin=C2-1
Added Pin To Net: NetName=GND Pin=C3-2
Added Pin To Net: NetName=GND Pin=C4-1
Added Pin To Net: NetName=GND Pin=C5-1
Added Pin To Net: NetName=GND Pin=C6-2
Added Pin To Net: NetName=GND Pin=C7-1
Added Pin To Net: NetName=GND Pin=C8-2
Added Pin To Net: NetName=GND Pin=C9-1
Added Pin To Net: NetName=GND Pin=C10-1
Added Pin To Net: NetName=GND Pin=D1-2
Added Pin To Net: NetName=GND Pin=D2-2
Added Pin To Net: NetName=GND Pin=P3-1
Added Pin To Net: NetName=GND Pin=P4-1
Added Pin To Net: NetName=GND Pin=P6-1
Added Pin To Net: NetName=GND Pin=R2-1
Added Pin To Net: NetName=GND Pin=R4-1
Added Net: Name=GND
Added Pin To Net: NetName=NetD1_1 Pin=D1-1
Added Pin To Net: NetName=NetD1_1 Pin=L1-1
Added Net: Name=NetD1_1
Added Pin To Net: NetName=NetD2_1 Pin=D2-1
Added Pin To Net: NetName=NetD2_1 Pin=L2-1
Added Net: Name=NetD2_1
Added Pin To Net: NetName=NetR1_1 Pin=R1-1
Added Pin To Net: NetName=NetR1_1 Pin=R2-2
Added Net: Name=NetR1_1
Added Pin To Net: NetName=NetR3_1 Pin=R3-1
Added Pin To Net: NetName=NetR3_1 Pin=R4-2
Added Net: Name=NetR3_1
Added Pin To Net: NetName=PWR_IN+ Pin=C1-1
Added Pin To Net: NetName=PWR_IN+ Pin=C2-2
Added Pin To Net: NetName=PWR_IN+ Pin=C6-1
Added Pin To Net: NetName=PWR_IN+ Pin=C7-2
Added Pin To Net: NetName=PWR_IN+ Pin=P1-1
Added Net: Name=PWR_IN+
Added Pin To Net: NetName=PWR_OUT_+5V Pin=C3-1
Added Pin To Net: NetName=PWR_OUT_+5V Pin=C4-2
Added Pin To Net: NetName=PWR_OUT_+5V Pin=C5-2
Added Pin To Net: NetName=PWR_OUT_+5V Pin=L1-2
Added Pin To Net: NetName=PWR_OUT_+5V Pin=P2-1
Added Pin To Net: NetName=PWR_OUT_+5V Pin=R1-2
Added Net: Name=PWR_OUT_+5V
Added Pin To Net: NetName=PWR_OUT_+9V Pin=C8-1
Added Pin To Net: NetName=PWR_OUT_+9V Pin=C9-2
Added Pin To Net: NetName=PWR_OUT_+9V Pin=C10-2
Added Pin To Net: NetName=PWR_OUT_+9V Pin=L2-2
Added Pin To Net: NetName=PWR_OUT_+9V Pin=P5-1
Added Pin To Net: NetName=PWR_OUT_+9V Pin=R3-2
Added Net: Name=PWR_OUT_+9V
Added Class: Name=PAGE2 - POWER
Added Room: Name=PAGE2 - POWER
