Change Component Designator: OldDesignator=C? NewDesignator=C6
Change Component Designator: OldDesignator=C? NewDesignator=C7
Change Component Designator: OldDesignator=C? NewDesignator=C8
Change Component Designator: OldDesignator=C? NewDesignator=C9
Change Component Designator: OldDesignator=C? NewDesignator=C10
Change Component Designator: OldDesignator=D? NewDesignator=D1
Change Component Designator: OldDesignator=D? NewDesignator=D2
Change Component Designator: OldDesignator=D? NewDesignator=D3
Change Component Designator: OldDesignator=L? NewDesignator=L2
Change Component Designator: OldDesignator=R? NewDesignator=R3
Change Component Designator: OldDesignator=R? NewDesignator=R4
Change Component Designator: OldDesignator=R? NewDesignator=R5
Change Component Designator: OldDesignator=R? NewDesignator=R6
Change Component Designator: OldDesignator=U? NewDesignator=U2
Change Net Name : Old Net Name=NetC?_1 New Net Name=NetC6_1
Change Net Name : Old Net Name=NetC?_2 New Net Name=NetC6_2
Change Net Name : Old Net Name=NetD?_1 New Net Name=NetD1_1
Change Net Name : Old Net Name=NetR?_2 New Net Name=NetR5_2
Added Pin To Net: NetName=NetC7_1 Pin=C7-1
Added Pin To Net: NetName=NetC7_1 Pin=R3-1
Added Pin To Net: NetName=NetC7_1 Pin=R4-2
Added Pin To Net: NetName=NetC7_1 Pin=U2-7
Added Net: Name=NetC7_1
Added Pin To Net: NetName=NetC10_2 Pin=C10-2
Added Pin To Net: NetName=NetC10_2 Pin=R5-1
Added Net: Name=NetC10_2
Added Pin To Net: NetName=NetR6_2 Pin=R6-2
Added Pin To Net: NetName=NetR6_2 Pin=U2-6
Added Net: Name=NetR6_2
Added Member To Class: ClassName=PAGE2 - POWER Member=Component C6 100nF
Added Member To Class: ClassName=PAGE2 - POWER Member=Component C8 1uF
Added Member To Class: ClassName=PAGE2 - POWER Member=Component C9 10uF /50V
Added Member To Class: ClassName=PAGE2 - POWER Member=Component C10 68pF
Added Member To Class: ClassName=PAGE2 - POWER Member=Component D1 SK34A-TP
Added Member To Class: ClassName=PAGE2 - POWER Member=Component D2 1N4148W-7-F.
Added Member To Class: ClassName=PAGE2 - POWER Member=Component R3 105k
Added Member To Class: ClassName=PAGE2 - POWER Member=Component R5 69.8k
Added Member To Class: ClassName=PAGE2 - POWER Member=Component R6 75k
Added Room: Name=PAGE2 - POWER
